0 info it worked if it ends with ok
1 verbose cli [ 'C:\\Program Files\\nodejs\\node.exe',
1 verbose cli   'C:\\Program Files\\nodejs\\node_modules\\npm\\bin\\npm-cli.js',
1 verbose cli   'install',
1 verbose cli   'body-parser',
1 verbose cli   '--save' ]
2 info using npm@3.10.10
3 info using node@v6.10.2
4 silly loadCurrentTree Starting
5 silly install loadCurrentTree
6 silly install readLocalPackageData
7 silly fetchPackageMetaData body-parser
8 silly fetchNamedPackageData body-parser
9 silly mapToRegistry name body-parser
10 silly mapToRegistry using default registry
11 silly mapToRegistry registry http://r.cnpmjs.org/
12 silly mapToRegistry data Result {
12 silly mapToRegistry   raw: 'body-parser',
12 silly mapToRegistry   scope: null,
12 silly mapToRegistry   escapedName: 'body-parser',
12 silly mapToRegistry   name: 'body-parser',
12 silly mapToRegistry   rawSpec: '',
12 silly mapToRegistry   spec: 'latest',
12 silly mapToRegistry   type: 'tag' }
13 silly mapToRegistry uri http://r.cnpmjs.org/body-parser
14 verbose request uri http://r.cnpmjs.org/body-parser
15 verbose request no auth needed
16 info attempt registry request try #1 at 19:29:55
17 verbose request id 3d653a8d78ad04bf
18 http request GET http://r.cnpmjs.org/body-parser
19 info retry will retry, error on last attempt: Error: connect ETIMEDOUT 47.88.240.14:80
20 info attempt registry request try #2 at 19:30:27
21 http request GET http://r.cnpmjs.org/body-parser
22 info retry will retry, error on last attempt: Error: connect ETIMEDOUT 47.88.240.14:80
23 info attempt registry request try #3 at 19:31:48
24 http request GET http://r.cnpmjs.org/body-parser
25 silly get cb [ 304, undefined ]
26 silly fetchPackageMetaData Error: failed to fetch from registry: http://r.cnpmjs.org/body-parser
26 silly fetchPackageMetaData     at C:\Program Files\nodejs\node_modules\npm\lib\cache\caching-client.js:164:27
26 silly fetchPackageMetaData     at C:\Program Files\nodejs\node_modules\npm\lib\cache\caching-client.js:53:8
26 silly fetchPackageMetaData     at f (C:\Program Files\nodejs\node_modules\npm\node_modules\once\once.js:25:25)
26 silly fetchPackageMetaData     at C:\Program Files\nodejs\node_modules\npm\node_modules\npm-registry-client\lib\request.js:89:10
26 silly fetchPackageMetaData     at C:\Program Files\nodejs\node_modules\npm\node_modules\npm-registry-client\lib\request.js:103:12
26 silly fetchPackageMetaData     at f (C:\Program Files\nodejs\node_modules\npm\node_modules\once\once.js:25:25)
26 silly fetchPackageMetaData     at CachingRegistryClient.<anonymous> (C:\Program Files\nodejs\node_modules\npm\node_modules\npm-registry-client\lib\request.js:224:20)
26 silly fetchPackageMetaData     at Request._callback (C:\Program Files\nodejs\node_modules\npm\node_modules\npm-registry-client\lib\request.js:201:20)
26 silly fetchPackageMetaData     at self.callback (C:\Program Files\nodejs\node_modules\npm\node_modules\request\request.js:187:22)
26 silly fetchPackageMetaData     at emitOne (events.js:101:20)
26 silly fetchPackageMetaData  error for body-parser Error: failed to fetch from registry: http://r.cnpmjs.org/body-parser
26 silly fetchPackageMetaData     at C:\Program Files\nodejs\node_modules\npm\lib\cache\caching-client.js:164:27
26 silly fetchPackageMetaData     at C:\Program Files\nodejs\node_modules\npm\lib\cache\caching-client.js:53:8
26 silly fetchPackageMetaData     at f (C:\Program Files\nodejs\node_modules\npm\node_modules\once\once.js:25:25)
26 silly fetchPackageMetaData     at C:\Program Files\nodejs\node_modules\npm\node_modules\npm-registry-client\lib\request.js:89:10
26 silly fetchPackageMetaData     at C:\Program Files\nodejs\node_modules\npm\node_modules\npm-registry-client\lib\request.js:103:12
26 silly fetchPackageMetaData     at f (C:\Program Files\nodejs\node_modules\npm\node_modules\once\once.js:25:25)
26 silly fetchPackageMetaData     at CachingRegistryClient.<anonymous> (C:\Program Files\nodejs\node_modules\npm\node_modules\npm-registry-client\lib\request.js:224:20)
26 silly fetchPackageMetaData     at Request._callback (C:\Program Files\nodejs\node_modules\npm\node_modules\npm-registry-client\lib\request.js:201:20)
26 silly fetchPackageMetaData     at self.callback (C:\Program Files\nodejs\node_modules\npm\node_modules\request\request.js:187:22)
26 silly fetchPackageMetaData     at emitOne (events.js:101:20)
27 silly rollbackFailedOptional Starting
28 silly rollbackFailedOptional Finishing
29 silly runTopLevelLifecycles Finishing
30 silly install printInstalled
31 verbose stack Error: failed to fetch from registry: http://r.cnpmjs.org/body-parser
31 verbose stack     at C:\Program Files\nodejs\node_modules\npm\lib\cache\caching-client.js:164:27
31 verbose stack     at C:\Program Files\nodejs\node_modules\npm\lib\cache\caching-client.js:53:8
31 verbose stack     at f (C:\Program Files\nodejs\node_modules\npm\node_modules\once\once.js:25:25)
31 verbose stack     at C:\Program Files\nodejs\node_modules\npm\node_modules\npm-registry-client\lib\request.js:89:10
31 verbose stack     at C:\Program Files\nodejs\node_modules\npm\node_modules\npm-registry-client\lib\request.js:103:12
31 verbose stack     at f (C:\Program Files\nodejs\node_modules\npm\node_modules\once\once.js:25:25)
31 verbose stack     at CachingRegistryClient.<anonymous> (C:\Program Files\nodejs\node_modules\npm\node_modules\npm-registry-client\lib\request.js:224:20)
31 verbose stack     at Request._callback (C:\Program Files\nodejs\node_modules\npm\node_modules\npm-registry-client\lib\request.js:201:20)
31 verbose stack     at self.callback (C:\Program Files\nodejs\node_modules\npm\node_modules\request\request.js:187:22)
31 verbose stack     at emitOne (events.js:101:20)
32 verbose cwd C:\Users\Administrator\Desktop\bookManager (1)\bookManager
33 error Windows_NT 6.1.7601
34 error argv "C:\\Program Files\\nodejs\\node.exe" "C:\\Program Files\\nodejs\\node_modules\\npm\\bin\\npm-cli.js" "install" "body-parser" "--save"
35 error node v6.10.2
36 error npm  v3.10.10
37 error failed to fetch from registry: http://r.cnpmjs.org/body-parser
38 error If you need help, you may report this error at:
38 error     <https://github.com/npm/npm/issues>
39 verbose exit [ 1, true ]
